2020.10.09 15:36:38 INFO  started: Metals version 0.9.4 in workspace 'C:\Users\Lance\Documents\Send2Space-Website' for client vscode.
2020.10.09 15:36:38 INFO  time: initialize in 0.45s
2020.10.09 15:36:39 WARN  no build tool detected in workspace 'C:\Users\Lance\Documents\Send2Space-Website'. The most common cause for this problem is that the editor was opened in the wrong working directory, for example if you use sbt then the workspace directory should contain build.sbt. 
Oct 09, 2020 3:37:31 PM org.eclipse.lsp4j.jsonrpc.services.GenericEndpoint notify
INFO: Unsupported notification method: $/setTraceNotification
2020.10.09 17:12:47 INFO  shutting down Metals
2020.10.11 12:03:51 INFO  started: Metals version 0.9.4 in workspace 'C:\Users\Lance\Documents\Send2Space-Website' for client vscode.
2020.10.11 12:03:52 INFO  time: initialize in 0.45s
2020.10.11 12:03:52 WARN  no build tool detected in workspace 'C:\Users\Lance\Documents\Send2Space-Website'. The most common cause for this problem is that the editor was opened in the wrong working directory, for example if you use sbt then the workspace directory should contain build.sbt. 
Oct 11, 2020 2:39:47 PM org.eclipse.lsp4j.jsonrpc.services.GenericEndpoint notify
INFO: Unsupported notification method: $/setTraceNotification
2020.10.11 21:09:56 INFO  shutting down Metals
2020.10.12 11:28:58 INFO  started: Metals version 0.9.4 in workspace 'C:\Users\Lance\Documents\Send2Space-Website' for client vscode.
2020.10.12 11:28:59 INFO  time: initialize in 0.37s
2020.10.12 11:28:59 WARN  no build tool detected in workspace 'C:\Users\Lance\Documents\Send2Space-Website'. The most common cause for this problem is that the editor was opened in the wrong working directory, for example if you use sbt then the workspace directory should contain build.sbt. 
2020.10.12 11:31:22 INFO  shutting down Metals
2020.10.12 19:11:08 INFO  started: Metals version 0.9.4 in workspace 'C:\Users\Lance\Documents\Send2Space-Website' for client vscode.
2020.10.12 19:11:08 INFO  time: initialize in 0.38s
2020.10.12 19:11:09 WARN  no build tool detected in workspace 'C:\Users\Lance\Documents\Send2Space-Website'. The most common cause for this problem is that the editor was opened in the wrong working directory, for example if you use sbt then the workspace directory should contain build.sbt. 
2020.10.12 19:14:43 INFO  shutting down Metals
2020.10.15 14:10:52 INFO  started: Metals version 0.9.4 in workspace 'C:\Users\Lance\Documents\Send2Space-Website' for client vscode.
2020.10.15 14:10:53 INFO  time: initialize in 0.38s
2020.10.15 14:10:53 WARN  no build tool detected in workspace 'C:\Users\Lance\Documents\Send2Space-Website'. The most common cause for this problem is that the editor was opened in the wrong working directory, for example if you use sbt then the workspace directory should contain build.sbt. 
2020.10.15 14:53:06 INFO  shutting down Metals
2020.10.19 11:52:03 INFO  started: Metals version 0.9.4 in workspace 'C:\Users\Lance\Documents\Send2Space-Website' for client vscode.
2020.10.19 11:52:04 INFO  time: initialize in 1.29s
2020.10.19 11:52:05 WARN  no build tool detected in workspace 'C:\Users\Lance\Documents\Send2Space-Website'. The most common cause for this problem is that the editor was opened in the wrong working directory, for example if you use sbt then the workspace directory should contain build.sbt. 
2020.10.19 15:17:42 INFO  started: Metals version 0.9.4 in workspace 'C:\Users\Lance\Documents\Send2Space-Website' for client vscode.
2020.10.19 15:17:44 INFO  time: initialize in 1.23s
2020.10.19 15:17:48 WARN  no build tool detected in workspace 'C:\Users\Lance\Documents\Send2Space-Website'. The most common cause for this problem is that the editor was opened in the wrong working directory, for example if you use sbt then the workspace directory should contain build.sbt. 
2020.10.19 20:16:54 INFO  shutting down Metals
2020.10.19 20:17:31 INFO  started: Metals version 0.9.4 in workspace 'C:\Users\Lance\Documents\Send2Space-Website' for client vscode.
2020.10.19 20:17:32 INFO  time: initialize in 1.25s
2020.10.19 20:17:32 WARN  no build tool detected in workspace 'C:\Users\Lance\Documents\Send2Space-Website'. The most common cause for this problem is that the editor was opened in the wrong working directory, for example if you use sbt then the workspace directory should contain build.sbt. 
Oct 19, 2020 9:11:53 PM org.eclipse.lsp4j.jsonrpc.services.GenericEndpoint notify
INFO: Unsupported notification method: $/setTraceNotification
Oct 19, 2020 9:12:31 PM org.eclipse.lsp4j.jsonrpc.services.GenericEndpoint notify
INFO: Unsupported notification method: $/setTraceNotification
2020.10.20 11:16:20 INFO  started: Metals version 0.9.4 in workspace 'C:\Users\Lance\Documents\Send2Space-Website' for client vscode.
2020.10.20 11:16:22 INFO  time: initialize in 1.85s
2020.10.20 11:16:27 WARN  no build tool detected in workspace 'C:\Users\Lance\Documents\Send2Space-Website'. The most common cause for this problem is that the editor was opened in the wrong working directory, for example if you use sbt then the workspace directory should contain build.sbt. 
Oct 20, 2020 11:20:22 AM org.eclipse.lsp4j.jsonrpc.services.GenericEndpoint notify
INFO: Unsupported notification method: $/setTraceNotification
2020.10.20 13:59:40 INFO  started: Metals version 0.9.4 in workspace 'C:\Users\Lance\Documents\Send2Space-Website' for client vscode.
2020.10.20 13:59:42 INFO  time: initialize in 1.99s
2020.10.20 13:59:47 WARN  no build tool detected in workspace 'C:\Users\Lance\Documents\Send2Space-Website'. The most common cause for this problem is that the editor was opened in the wrong working directory, for example if you use sbt then the workspace directory should contain build.sbt. 
Oct 20, 2020 3:04:41 PM org.eclipse.lsp4j.jsonrpc.services.GenericEndpoint notify
INFO: Unsupported notification method: $/setTraceNotification
2020.10.20 16:07:22 INFO  shutting down Metals
2020.10.23 11:23:43 INFO  started: Metals version 0.9.4 in workspace 'C:\Users\Lance\Documents\Send2Space-Website' for client vscode.
2020.10.23 11:23:45 INFO  time: initialize in 2.1s
2020.10.23 11:23:45 WARN  no build tool detected in workspace 'C:\Users\Lance\Documents\Send2Space-Website'. The most common cause for this problem is that the editor was opened in the wrong working directory, for example if you use sbt then the workspace directory should contain build.sbt. 
Oct 23, 2020 11:23:56 AM org.eclipse.lsp4j.jsonrpc.services.GenericEndpoint notify
INFO: Unsupported notification method: $/setTraceNotification
2020.10.25 16:08:18 INFO  started: Metals version 0.9.4 in workspace 'C:\Users\Lance\Documents\Send2Space-Website' for client vscode.
2020.10.25 16:08:20 INFO  time: initialize in 1.47s
2020.10.25 16:08:25 WARN  no build tool detected in workspace 'C:\Users\Lance\Documents\Send2Space-Website'. The most common cause for this problem is that the editor was opened in the wrong working directory, for example if you use sbt then the workspace directory should contain build.sbt. 
Oct 25, 2020 6:03:14 PM org.eclipse.lsp4j.jsonrpc.services.GenericEndpoint notify
INFO: Unsupported notification method: $/setTraceNotification
2020.10.25 23:19:09 INFO  shutting down Metals
2020.10.26 10:43:48 INFO  started: Metals version 0.9.4 in workspace 'C:\Users\Lance\Documents\Send2Space-Website' for client vscode.
2020.10.26 10:43:50 INFO  time: initialize in 1.66s
2020.10.26 10:43:50 WARN  no build tool detected in workspace 'C:\Users\Lance\Documents\Send2Space-Website'. The most common cause for this problem is that the editor was opened in the wrong working directory, for example if you use sbt then the workspace directory should contain build.sbt. 
Oct 26, 2020 12:08:31 PM org.eclipse.lsp4j.jsonrpc.services.GenericEndpoint notify
INFO: Unsupported notification method: $/setTraceNotification
Oct 26, 2020 12:10:54 PM org.eclipse.lsp4j.jsonrpc.services.GenericEndpoint notify
INFO: Unsupported notification method: $/setTraceNotification
2020.10.26 12:12:18 INFO  shutting down Metals
2020.10.29 19:41:56 INFO  started: Metals version 0.9.4 in workspace 'C:\Users\Lance\Documents\Send2Space-Website' for client vscode.
2020.10.29 19:41:58 INFO  time: initialize in 2.27s
2020.10.29 19:42:00 WARN  no build tool detected in workspace 'C:\Users\Lance\Documents\Send2Space-Website'. The most common cause for this problem is that the editor was opened in the wrong working directory, for example if you use sbt then the workspace directory should contain build.sbt. 
2020.10.29 20:22:54 INFO  shutting down Metals
2020.11.05 14:42:30 INFO  started: Metals version 0.9.4 in workspace 'C:\Users\Lance\Documents\Send2Space-Website' for client vscode.
2020.11.05 14:42:33 INFO  time: initialize in 2.1s
2020.11.05 14:42:34 WARN  no build tool detected in workspace 'C:\Users\Lance\Documents\Send2Space-Website'. The most common cause for this problem is that the editor was opened in the wrong working directory, for example if you use sbt then the workspace directory should contain build.sbt. 
2020.11.05 15:01:38 INFO  shutting down Metals
2020.11.07 12:37:03 INFO  started: Metals version 0.9.4 in workspace 'C:\Users\Lance\Documents\Send2Space-Website' for client vscode.
2020.11.07 12:37:04 INFO  time: initialize in 1.54s
2020.11.07 12:37:05 WARN  no build tool detected in workspace 'C:\Users\Lance\Documents\Send2Space-Website'. The most common cause for this problem is that the editor was opened in the wrong working directory, for example if you use sbt then the workspace directory should contain build.sbt. 
